<?xml version="1.0"?>
<!DOCTYPE coverage SYSTEM "http://cobertura.sourceforge.net/xml/coverage-04.dtd">

<coverage line-rate="0.788135593220339" branch-rate="0.6904761904761905" lines-covered="93" lines-valid="118" branches-covered="29" branches-valid="42" complexity="1.542857142857143" version="1.9.4.1" timestamp="1340966814093">
	<sources>
		<source>--source</source>
		<source>/Users/simonetripodi/Documents/workspace/guartz/target/checkout/src/main/java</source>
	</sources>
	<packages>
		<package name="org.nnsoft.guice.guartz" line-rate="0.788135593220339" branch-rate="0.6904761904761905" complexity="1.542857142857143">
			<classes>
				<class name="org.nnsoft.guice.guartz.InjectorJobFactory" filename="org/nnsoft/guice/guartz/InjectorJobFactory.java" line-rate="0.6" branch-rate="1.0" complexity="1.0">
					<methods>
						<method name="&lt;init&gt;" signature="()V" line-rate="1.0" branch-rate="1.0">
							<lines>
								<line number="32" hits="5" branch="false"/>
							</lines>
						</method>
						<method name="newJob" signature="(Lorg/quartz/spi/TriggerFiredBundle;Lorg/quartz/Scheduler;)Lorg/quartz/Job;" line-rate="1.0" branch-rate="1.0">
							<lines>
								<line number="58" hits="17" branch="false"/>
								<line number="59" hits="17" branch="false"/>
							</lines>
						</method>
						<method name="setInjector" signature="(Lcom/google/inject/Injector;)V" line-rate="0.0" branch-rate="1.0">
							<lines>
								<line number="49" hits="0" branch="false"/>
								<line number="50" hits="0" branch="false"/>
							</lines>
						</method>
					</methods>
					<lines>
						<line number="32" hits="5" branch="false"/>
						<line number="49" hits="0" branch="false"/>
						<line number="50" hits="0" branch="false"/>
						<line number="58" hits="17" branch="false"/>
						<line number="59" hits="17" branch="false"/>
					</lines>
				</class>
				<class name="org.nnsoft.guice.guartz.JobSchedulerBuilder" filename="org/nnsoft/guice/guartz/JobSchedulerBuilder.java" line-rate="0.8181818181818182" branch-rate="0.8333333333333334" complexity="1.8461538461538463">
					<methods>
						<method name="&lt;init&gt;" signature="(Ljava/lang/Class;)V" line-rate="1.0" branch-rate="1.0">
							<lines>
								<line number="55" hits="5" branch="false"/>
								<line number="60" hits="5" branch="false"/>
								<line number="67" hits="5" branch="false"/>
								<line number="73" hits="5" branch="false"/>
								<line number="78" hits="5" branch="false"/>
								<line number="83" hits="5" branch="false"/>
								<line number="94" hits="5" branch="false"/>
								<line number="101" hits="5" branch="false"/>
								<line number="116" hits="5" branch="false"/>
								<line number="126" hits="5" branch="false"/>
								<line number="127" hits="5" branch="false"/>
								<line number="128" hits="5" branch="false"/>
							</lines>
						</method>
						<method name="schedule" signature="(Lorg/quartz/Scheduler;)V" line-rate="0.8" branch-rate="0.8333333333333334">
							<lines>
								<line number="290" hits="5" branch="true" condition-coverage="75% (3/4)">
									<conditions>
										<condition number="0" type="jump" coverage="100%"/>
										<condition number="1" type="jump" coverage="50%"/>
									</conditions>
								</line>
								<line number="292" hits="0" branch="false"/>
								<line number="295" hits="5" branch="true" condition-coverage="75% (3/4)">
									<conditions>
										<condition number="0" type="jump" coverage="100%"/>
										<condition number="1" type="jump" coverage="50%"/>
									</conditions>
								</line>
								<line number="297" hits="0" branch="false"/>
								<line number="301" hits="5" branch="true" condition-coverage="100% (2/2)">
									<conditions>
										<condition number="0" type="jump" coverage="100%"/>
									</conditions>
								</line>
								<line number="302" hits="5" branch="true" condition-coverage="50% (1/2)">
									<conditions>
										<condition number="0" type="jump" coverage="50%"/>
									</conditions>
								</line>
								<line number="304" hits="5" branch="true" condition-coverage="100% (4/4)">
									<conditions>
										<condition number="0" type="jump" coverage="100%"/>
										<condition number="1" type="jump" coverage="100%"/>
									</conditions>
								</line>
								<line number="305" hits="1" branch="false"/>
								<line number="308" hits="5" branch="true" condition-coverage="100% (2/2)">
									<conditions>
										<condition number="0" type="jump" coverage="100%"/>
									</conditions>
								</line>
								<line number="320" hits="5" branch="false"/>
							</lines>
						</method>
						<method name="updateExistingTrigger" signature="()Lorg/nnsoft/guice/guartz/JobSchedulerBuilder;" line-rate="1.0" branch-rate="1.0">
							<lines>
								<line number="273" hits="2" branch="false"/>
								<line number="274" hits="2" branch="false"/>
							</lines>
						</method>
						<method name="withCronExpression" signature="(Ljava/lang/String;)Lorg/nnsoft/guice/guartz/JobSchedulerBuilder;" line-rate="1.0" branch-rate="1.0">
							<lines>
								<line number="213" hits="4" branch="false"/>
								<line number="214" hits="4" branch="false"/>
							</lines>
						</method>
						<method name="withJobGroup" signature="(Ljava/lang/String;)Lorg/nnsoft/guice/guartz/JobSchedulerBuilder;" line-rate="1.0" branch-rate="1.0">
							<lines>
								<line number="150" hits="4" branch="false"/>
								<line number="151" hits="4" branch="false"/>
							</lines>
						</method>
						<method name="withJobName" signature="(Ljava/lang/String;)Lorg/nnsoft/guice/guartz/JobSchedulerBuilder;" line-rate="1.0" branch-rate="1.0">
							<lines>
								<line number="138" hits="4" branch="false"/>
								<line number="139" hits="4" branch="false"/>
							</lines>
						</method>
						<method name="withPriority" signature="(I)Lorg/nnsoft/guice/guartz/JobSchedulerBuilder;" line-rate="0.0" branch-rate="1.0">
							<lines>
								<line number="241" hits="0" branch="false"/>
								<line number="242" hits="0" branch="false"/>
							</lines>
						</method>
						<method name="withRequestRecovery" signature="(Z)Lorg/nnsoft/guice/guartz/JobSchedulerBuilder;" line-rate="1.0" branch-rate="1.0">
							<lines>
								<line number="164" hits="4" branch="false"/>
								<line number="165" hits="4" branch="false"/>
							</lines>
						</method>
						<method name="withStoreDurably" signature="(Z)Lorg/nnsoft/guice/guartz/JobSchedulerBuilder;" line-rate="1.0" branch-rate="1.0">
							<lines>
								<line number="177" hits="4" branch="false"/>
								<line number="178" hits="4" branch="false"/>
							</lines>
						</method>
						<method name="withTimeZone" signature="(Ljava/util/TimeZone;)Lorg/nnsoft/guice/guartz/JobSchedulerBuilder;" line-rate="0.0" branch-rate="1.0">
							<lines>
								<line number="227" hits="0" branch="false"/>
								<line number="228" hits="0" branch="false"/>
							</lines>
						</method>
						<method name="withTrigger" signature="(Lorg/quartz/Trigger;)Lorg/nnsoft/guice/guartz/JobSchedulerBuilder;" line-rate="1.0" branch-rate="1.0">
							<lines>
								<line number="260" hits="1" branch="false"/>
								<line number="261" hits="1" branch="false"/>
							</lines>
						</method>
						<method name="withTriggerGroup" signature="(Ljava/lang/String;)Lorg/nnsoft/guice/guartz/JobSchedulerBuilder;" line-rate="0.0" branch-rate="1.0">
							<lines>
								<line number="201" hits="0" branch="false"/>
								<line number="202" hits="0" branch="false"/>
							</lines>
						</method>
						<method name="withTriggerName" signature="(Ljava/lang/String;)Lorg/nnsoft/guice/guartz/JobSchedulerBuilder;" line-rate="1.0" branch-rate="1.0">
							<lines>
								<line number="189" hits="4" branch="false"/>
								<line number="190" hits="4" branch="false"/>
							</lines>
						</method>
					</methods>
					<lines>
						<line number="55" hits="5" branch="false"/>
						<line number="60" hits="5" branch="false"/>
						<line number="67" hits="5" branch="false"/>
						<line number="73" hits="5" branch="false"/>
						<line number="78" hits="5" branch="false"/>
						<line number="83" hits="5" branch="false"/>
						<line number="94" hits="5" branch="false"/>
						<line number="101" hits="5" branch="false"/>
						<line number="116" hits="5" branch="false"/>
						<line number="126" hits="5" branch="false"/>
						<line number="127" hits="5" branch="false"/>
						<line number="128" hits="5" branch="false"/>
						<line number="138" hits="4" branch="false"/>
						<line number="139" hits="4" branch="false"/>
						<line number="150" hits="4" branch="false"/>
						<line number="151" hits="4" branch="false"/>
						<line number="164" hits="4" branch="false"/>
						<line number="165" hits="4" branch="false"/>
						<line number="177" hits="4" branch="false"/>
						<line number="178" hits="4" branch="false"/>
						<line number="189" hits="4" branch="false"/>
						<line number="190" hits="4" branch="false"/>
						<line number="201" hits="0" branch="false"/>
						<line number="202" hits="0" branch="false"/>
						<line number="213" hits="4" branch="false"/>
						<line number="214" hits="4" branch="false"/>
						<line number="227" hits="0" branch="false"/>
						<line number="228" hits="0" branch="false"/>
						<line number="241" hits="0" branch="false"/>
						<line number="242" hits="0" branch="false"/>
						<line number="260" hits="1" branch="false"/>
						<line number="261" hits="1" branch="false"/>
						<line number="273" hits="2" branch="false"/>
						<line number="274" hits="2" branch="false"/>
						<line number="290" hits="5" branch="true" condition-coverage="75% (3/4)">
							<conditions>
								<condition number="0" type="jump" coverage="100%"/>
								<condition number="1" type="jump" coverage="50%"/>
							</conditions>
						</line>
						<line number="292" hits="0" branch="false"/>
						<line number="295" hits="5" branch="true" condition-coverage="75% (3/4)">
							<conditions>
								<condition number="0" type="jump" coverage="100%"/>
								<condition number="1" type="jump" coverage="50%"/>
							</conditions>
						</line>
						<line number="297" hits="0" branch="false"/>
						<line number="301" hits="5" branch="true" condition-coverage="100% (2/2)">
							<conditions>
								<condition number="0" type="jump" coverage="100%"/>
							</conditions>
						</line>
						<line number="302" hits="5" branch="true" condition-coverage="50% (1/2)">
							<conditions>
								<condition number="0" type="jump" coverage="50%"/>
							</conditions>
						</line>
						<line number="304" hits="5" branch="true" condition-coverage="100% (4/4)">
							<conditions>
								<condition number="0" type="jump" coverage="100%"/>
								<condition number="1" type="jump" coverage="100%"/>
							</conditions>
						</line>
						<line number="305" hits="1" branch="false"/>
						<line number="308" hits="5" branch="true" condition-coverage="100% (2/2)">
							<conditions>
								<condition number="0" type="jump" coverage="100%"/>
							</conditions>
						</line>
						<line number="320" hits="5" branch="false"/>
					</lines>
				</class>
				<class name="org.nnsoft.guice.guartz.QuartzModule" filename="org/nnsoft/guice/guartz/QuartzModule.java" line-rate="0.7" branch-rate="0.5" complexity="1.375">
					<methods>
						<method name="&lt;init&gt;" signature="()V" line-rate="1.0" branch-rate="1.0">
							<lines>
								<line number="41" hits="5" branch="false"/>
							</lines>
						</method>
						<method name="addJobListener" signature="(Ljava/lang/Class;)V" line-rate="0.0" branch-rate="1.0">
							<lines>
								<line number="132" hits="0" branch="false"/>
								<line number="133" hits="0" branch="false"/>
							</lines>
						</method>
						<method name="addSchedulerListener" signature="(Ljava/lang/Class;)V" line-rate="0.0" branch-rate="1.0">
							<lines>
								<line number="152" hits="0" branch="false"/>
								<line number="153" hits="0" branch="false"/>
							</lines>
						</method>
						<method name="addTriggerListener" signature="(Ljava/lang/Class;)V" line-rate="0.0" branch-rate="1.0">
							<lines>
								<line number="142" hits="0" branch="false"/>
								<line number="143" hits="0" branch="false"/>
							</lines>
						</method>
						<method name="configure" signature="()V" line-rate="1.0" branch-rate="0.5">
							<lines>
								<line number="59" hits="5" branch="true" condition-coverage="50% (1/2)">
									<conditions>
										<condition number="0" type="jump" coverage="50%"/>
									</conditions>
								</line>
								<line number="60" hits="5" branch="true" condition-coverage="50% (1/2)">
									<conditions>
										<condition number="0" type="jump" coverage="50%"/>
									</conditions>
								</line>
								<line number="61" hits="5" branch="true" condition-coverage="50% (1/2)">
									<conditions>
										<condition number="0" type="jump" coverage="50%"/>
									</conditions>
								</line>
								<line number="62" hits="5" branch="true" condition-coverage="50% (1/2)">
									<conditions>
										<condition number="0" type="jump" coverage="50%"/>
									</conditions>
								</line>
								<line number="64" hits="5" branch="false"/>
								<line number="65" hits="5" branch="false"/>
								<line number="66" hits="5" branch="false"/>
								<line number="67" hits="5" branch="false"/>
								<line number="71" hits="5" branch="false"/>
								<line number="72" hits="5" branch="false"/>
								<line number="73" hits="5" branch="false"/>
								<line number="74" hits="5" branch="false"/>
								<line number="78" hits="5" branch="false"/>
								<line number="79" hits="5" branch="false"/>
								<line number="80" hits="5" branch="false"/>
								<line number="81" hits="5" branch="false"/>
								<line number="82" hits="5" branch="false"/>
								<line number="83" hits="5" branch="false"/>
							</lines>
						</method>
						<method name="configureScheduler" signature="()Lorg/nnsoft/guice/guartz/SchedulerConfigurationBuilder;" line-rate="1.0" branch-rate="1.0">
							<lines>
								<line number="122" hits="2" branch="false"/>
							</lines>
						</method>
						<method name="doBind" signature="(Lcom/google/inject/multibindings/Multibinder;Ljava/lang/Class;)V" line-rate="0.0" branch-rate="1.0">
							<lines>
								<line number="208" hits="0" branch="false"/>
								<line number="209" hits="0" branch="false"/>
								<line number="210" hits="0" branch="false"/>
							</lines>
						</method>
						<method name="scheduleJob" signature="(Ljava/lang/Class;)Lorg/nnsoft/guice/guartz/JobSchedulerBuilder;" line-rate="0.7272727272727273" branch-rate="0.5">
							<lines>
								<line number="167" hits="5" branch="false"/>
								<line number="169" hits="5" branch="false"/>
								<line number="171" hits="5" branch="true" condition-coverage="100% (2/2)">
									<conditions>
										<condition number="0" type="jump" coverage="100%"/>
									</conditions>
								</line>
								<line number="173" hits="4" branch="false"/>
								<line number="175" hits="4" branch="false"/>
								<line number="185" hits="4" branch="true" condition-coverage="50% (1/2)">
									<conditions>
										<condition number="0" type="jump" coverage="50%"/>
									</conditions>
								</line>
								<line number="187" hits="0" branch="false"/>
								<line number="188" hits="0" branch="true" condition-coverage="0% (0/2)">
									<conditions>
										<condition number="0" type="jump" coverage="0%"/>
									</conditions>
								</line>
								<line number="190" hits="0" branch="false"/>
								<line number="195" hits="5" branch="false"/>
								<line number="196" hits="5" branch="false"/>
							</lines>
						</method>
					</methods>
					<lines>
						<line number="41" hits="5" branch="false"/>
						<line number="59" hits="5" branch="true" condition-coverage="50% (1/2)">
							<conditions>
								<condition number="0" type="jump" coverage="50%"/>
							</conditions>
						</line>
						<line number="60" hits="5" branch="true" condition-coverage="50% (1/2)">
							<conditions>
								<condition number="0" type="jump" coverage="50%"/>
							</conditions>
						</line>
						<line number="61" hits="5" branch="true" condition-coverage="50% (1/2)">
							<conditions>
								<condition number="0" type="jump" coverage="50%"/>
							</conditions>
						</line>
						<line number="62" hits="5" branch="true" condition-coverage="50% (1/2)">
							<conditions>
								<condition number="0" type="jump" coverage="50%"/>
							</conditions>
						</line>
						<line number="64" hits="5" branch="false"/>
						<line number="65" hits="5" branch="false"/>
						<line number="66" hits="5" branch="false"/>
						<line number="67" hits="5" branch="false"/>
						<line number="71" hits="5" branch="false"/>
						<line number="72" hits="5" branch="false"/>
						<line number="73" hits="5" branch="false"/>
						<line number="74" hits="5" branch="false"/>
						<line number="78" hits="5" branch="false"/>
						<line number="79" hits="5" branch="false"/>
						<line number="80" hits="5" branch="false"/>
						<line number="81" hits="5" branch="false"/>
						<line number="82" hits="5" branch="false"/>
						<line number="83" hits="5" branch="false"/>
						<line number="122" hits="2" branch="false"/>
						<line number="132" hits="0" branch="false"/>
						<line number="133" hits="0" branch="false"/>
						<line number="142" hits="0" branch="false"/>
						<line number="143" hits="0" branch="false"/>
						<line number="152" hits="0" branch="false"/>
						<line number="153" hits="0" branch="false"/>
						<line number="167" hits="5" branch="false"/>
						<line number="169" hits="5" branch="false"/>
						<line number="171" hits="5" branch="true" condition-coverage="100% (2/2)">
							<conditions>
								<condition number="0" type="jump" coverage="100%"/>
							</conditions>
						</line>
						<line number="173" hits="4" branch="false"/>
						<line number="175" hits="4" branch="false"/>
						<line number="185" hits="4" branch="true" condition-coverage="50% (1/2)">
							<conditions>
								<condition number="0" type="jump" coverage="50%"/>
							</conditions>
						</line>
						<line number="187" hits="0" branch="false"/>
						<line number="188" hits="0" branch="true" condition-coverage="0% (0/2)">
							<conditions>
								<condition number="0" type="jump" coverage="0%"/>
							</conditions>
						</line>
						<line number="190" hits="0" branch="false"/>
						<line number="195" hits="5" branch="false"/>
						<line number="196" hits="5" branch="false"/>
						<line number="208" hits="0" branch="false"/>
						<line number="209" hits="0" branch="false"/>
						<line number="210" hits="0" branch="false"/>
					</lines>
				</class>
				<class name="org.nnsoft.guice.guartz.Scheduled" filename="org/nnsoft/guice/guartz/Scheduled.java" line-rate="1.0" branch-rate="1.0" complexity="0.0">
					<methods>
					</methods>
					<lines>
					</lines>
				</class>
				<class name="org.nnsoft.guice.guartz.SchedulerConfiguration" filename="org/nnsoft/guice/guartz/SchedulerConfiguration.java" line-rate="1.0" branch-rate="1.0" complexity="1.0">
					<methods>
						<method name="&lt;init&gt;" signature="()V" line-rate="1.0" branch-rate="1.0">
							<lines>
								<line number="26" hits="5" branch="false"/>
								<line number="30" hits="5" branch="false"/>
							</lines>
						</method>
						<method name="getProperties" signature="()Ljava/util/Properties;" line-rate="1.0" branch-rate="1.0">
							<lines>
								<line number="62" hits="6" branch="false"/>
							</lines>
						</method>
						<method name="startManually" signature="()Z" line-rate="1.0" branch-rate="1.0">
							<lines>
								<line number="54" hits="5" branch="false"/>
							</lines>
						</method>
						<method name="withManualStart" signature="()Lorg/nnsoft/guice/guartz/SchedulerConfigurationBuilder;" line-rate="1.0" branch-rate="1.0">
							<lines>
								<line number="39" hits="1" branch="false"/>
								<line number="40" hits="1" branch="false"/>
							</lines>
						</method>
						<method name="withProperties" signature="(Ljava/util/Properties;)Lorg/nnsoft/guice/guartz/SchedulerConfigurationBuilder;" line-rate="1.0" branch-rate="1.0">
							<lines>
								<line number="48" hits="1" branch="false"/>
								<line number="49" hits="1" branch="false"/>
							</lines>
						</method>
					</methods>
					<lines>
						<line number="26" hits="5" branch="false"/>
						<line number="30" hits="5" branch="false"/>
						<line number="39" hits="1" branch="false"/>
						<line number="40" hits="1" branch="false"/>
						<line number="48" hits="1" branch="false"/>
						<line number="49" hits="1" branch="false"/>
						<line number="54" hits="5" branch="false"/>
						<line number="62" hits="6" branch="false"/>
					</lines>
				</class>
				<class name="org.nnsoft.guice.guartz.SchedulerConfigurationBuilder" filename="org/nnsoft/guice/guartz/SchedulerConfigurationBuilder.java" line-rate="1.0" branch-rate="1.0" complexity="1.0">
					<methods>
					</methods>
					<lines>
					</lines>
				</class>
				<class name="org.nnsoft.guice.guartz.SchedulerProvider" filename="org/nnsoft/guice/guartz/SchedulerProvider.java" line-rate="0.8571428571428571" branch-rate="0.7" complexity="1.8333333333333333">
					<methods>
						<method name="&lt;init&gt;" signature="(Lorg/nnsoft/guice/guartz/SchedulerConfiguration;)V" line-rate="1.0" branch-rate="1.0">
							<lines>
								<line number="52" hits="5" branch="false"/>
								<line number="53" hits="5" branch="false"/>
								<line number="55" hits="5" branch="true" condition-coverage="100% (2/2)">
									<conditions>
										<condition number="0" type="jump" coverage="100%"/>
									</conditions>
								</line>
								<line number="57" hits="1" branch="false"/>
								<line number="60" hits="5" branch="false"/>
								<line number="62" hits="5" branch="true" condition-coverage="100% (2/2)">
									<conditions>
										<condition number="0" type="jump" coverage="100%"/>
									</conditions>
								</line>
								<line number="64" hits="4" branch="false"/>
								<line number="66" hits="5" branch="false"/>
							</lines>
						</method>
						<method name="addJobListeners" signature="(Ljava/util/Set;)V" line-rate="0.6666666666666666" branch-rate="0.5">
							<lines>
								<line number="91" hits="5" branch="true" condition-coverage="50% (1/2)">
									<conditions>
										<condition number="0" type="jump" coverage="50%"/>
									</conditions>
								</line>
								<line number="93" hits="0" branch="false"/>
								<line number="95" hits="5" branch="false"/>
							</lines>
						</method>
						<method name="addSchedulerListeners" signature="(Ljava/util/Set;)V" line-rate="0.6666666666666666" branch-rate="0.5">
							<lines>
								<line number="107" hits="5" branch="true" condition-coverage="50% (1/2)">
									<conditions>
										<condition number="0" type="jump" coverage="50%"/>
									</conditions>
								</line>
								<line number="109" hits="0" branch="false"/>
								<line number="111" hits="5" branch="false"/>
							</lines>
						</method>
						<method name="addTriggerListeners" signature="(Ljava/util/Set;)V" line-rate="0.6666666666666666" branch-rate="0.5">
							<lines>
								<line number="123" hits="5" branch="true" condition-coverage="50% (1/2)">
									<conditions>
										<condition number="0" type="jump" coverage="50%"/>
									</conditions>
								</line>
								<line number="125" hits="0" branch="false"/>
								<line number="127" hits="5" branch="false"/>
							</lines>
						</method>
						<method name="get" signature="()Ljava/lang/Object;" line-rate="1.0" branch-rate="1.0">
							<lines>
								<line number="35" hits="5" branch="false"/>
							</lines>
						</method>
						<method name="get" signature="()Lorg/quartz/Scheduler;" line-rate="1.0" branch-rate="1.0">
							<lines>
								<line number="134" hits="5" branch="false"/>
							</lines>
						</method>
						<method name="setJobFactory" signature="(Lorg/quartz/spi/JobFactory;)V" line-rate="1.0" branch-rate="1.0">
							<lines>
								<line number="78" hits="5" branch="false"/>
								<line number="79" hits="5" branch="false"/>
							</lines>
						</method>
					</methods>
					<lines>
						<line number="35" hits="5" branch="false"/>
						<line number="52" hits="5" branch="false"/>
						<line number="53" hits="5" branch="false"/>
						<line number="55" hits="5" branch="true" condition-coverage="100% (2/2)">
							<conditions>
								<condition number="0" type="jump" coverage="100%"/>
							</conditions>
						</line>
						<line number="57" hits="1" branch="false"/>
						<line number="60" hits="5" branch="false"/>
						<line number="62" hits="5" branch="true" condition-coverage="100% (2/2)">
							<conditions>
								<condition number="0" type="jump" coverage="100%"/>
							</conditions>
						</line>
						<line number="64" hits="4" branch="false"/>
						<line number="66" hits="5" branch="false"/>
						<line number="78" hits="5" branch="false"/>
						<line number="79" hits="5" branch="false"/>
						<line number="91" hits="5" branch="true" condition-coverage="50% (1/2)">
							<conditions>
								<condition number="0" type="jump" coverage="50%"/>
							</conditions>
						</line>
						<line number="93" hits="0" branch="false"/>
						<line number="95" hits="5" branch="false"/>
						<line number="107" hits="5" branch="true" condition-coverage="50% (1/2)">
							<conditions>
								<condition number="0" type="jump" coverage="50%"/>
							</conditions>
						</line>
						<line number="109" hits="0" branch="false"/>
						<line number="111" hits="5" branch="false"/>
						<line number="123" hits="5" branch="true" condition-coverage="50% (1/2)">
							<conditions>
								<condition number="0" type="jump" coverage="50%"/>
							</conditions>
						</line>
						<line number="125" hits="0" branch="false"/>
						<line number="127" hits="5" branch="false"/>
						<line number="134" hits="5" branch="false"/>
					</lines>
				</class>
			</classes>
		</package>
	</packages>
</coverage>
