<?xml version="1.0"?>
<!DOCTYPE coverage SYSTEM "http://cobertura.sourceforge.net/xml/coverage-04.dtd">

<coverage line-rate="0.7619047619047619" branch-rate="0.6388888888888888" lines-covered="80" lines-valid="105" branches-covered="23" branches-valid="36" complexity="1.5161290322580645" version="1.9.4.1" timestamp="1337282414645">
	<sources>
		<source>--source</source>
		<source>/Users/simonetripodi/Documents/workspace/guartz/target/checkout/src/main/java</source>
	</sources>
	<packages>
		<package name="org.nnsoft.guice.guartz" line-rate="0.7619047619047619" branch-rate="0.6388888888888888" complexity="1.5161290322580645">
			<classes>
				<class name="org.nnsoft.guice.guartz.InjectorJobFactory" filename="org/nnsoft/guice/guartz/InjectorJobFactory.java" line-rate="0.6" branch-rate="1.0" complexity="1.0">
					<methods>
						<method name="&lt;init&gt;" signature="()V" line-rate="1.0" branch-rate="1.0">
							<lines>
								<line number="32" hits="3" branch="false"/>
							</lines>
						</method>
						<method name="newJob" signature="(Lorg/quartz/spi/TriggerFiredBundle;Lorg/quartz/Scheduler;)Lorg/quartz/Job;" line-rate="1.0" branch-rate="1.0">
							<lines>
								<line number="58" hits="15" branch="false"/>
								<line number="59" hits="15" branch="false"/>
							</lines>
						</method>
						<method name="setInjector" signature="(Lcom/google/inject/Injector;)V" line-rate="0.0" branch-rate="1.0">
							<lines>
								<line number="49" hits="0" branch="false"/>
								<line number="50" hits="0" branch="false"/>
							</lines>
						</method>
					</methods>
					<lines>
						<line number="32" hits="3" branch="false"/>
						<line number="49" hits="0" branch="false"/>
						<line number="50" hits="0" branch="false"/>
						<line number="58" hits="15" branch="false"/>
						<line number="59" hits="15" branch="false"/>
					</lines>
				</class>
				<class name="org.nnsoft.guice.guartz.JobSchedulerBuilder" filename="org/nnsoft/guice/guartz/JobSchedulerBuilder.java" line-rate="0.7837837837837838" branch-rate="0.7857142857142857" complexity="1.75">
					<methods>
						<method name="&lt;init&gt;" signature="(Ljava/lang/Class;)V" line-rate="1.0" branch-rate="1.0">
							<lines>
								<line number="51" hits="3" branch="false"/>
								<line number="56" hits="3" branch="false"/>
								<line number="63" hits="3" branch="false"/>
								<line number="69" hits="3" branch="false"/>
								<line number="74" hits="3" branch="false"/>
								<line number="79" hits="3" branch="false"/>
								<line number="90" hits="3" branch="false"/>
								<line number="97" hits="3" branch="false"/>
								<line number="114" hits="3" branch="false"/>
								<line number="115" hits="3" branch="false"/>
								<line number="116" hits="3" branch="false"/>
							</lines>
						</method>
						<method name="schedule" signature="(Lorg/quartz/Scheduler;)V" line-rate="0.6666666666666666" branch-rate="0.7857142857142857">
							<lines>
								<line number="265" hits="3" branch="true" condition-coverage="75% (3/4)">
									<conditions>
										<condition number="0" type="jump" coverage="100%"/>
										<condition number="1" type="jump" coverage="50%"/>
									</conditions>
								</line>
								<line number="267" hits="0" branch="false"/>
								<line number="270" hits="3" branch="true" condition-coverage="75% (3/4)">
									<conditions>
										<condition number="0" type="jump" coverage="100%"/>
										<condition number="1" type="jump" coverage="50%"/>
									</conditions>
								</line>
								<line number="272" hits="0" branch="false"/>
								<line number="276" hits="3" branch="true" condition-coverage="83% (5/6)">
									<conditions>
										<condition number="0" type="jump" coverage="100%"/>
										<condition number="1" type="jump" coverage="100%"/>
										<condition number="2" type="jump" coverage="50%"/>
									</conditions>
								</line>
								<line number="290" hits="3" branch="false"/>
							</lines>
						</method>
						<method name="withCronExpression" signature="(Ljava/lang/String;)Lorg/nnsoft/guice/guartz/JobSchedulerBuilder;" line-rate="1.0" branch-rate="1.0">
							<lines>
								<line number="201" hits="2" branch="false"/>
								<line number="202" hits="2" branch="false"/>
							</lines>
						</method>
						<method name="withJobGroup" signature="(Ljava/lang/String;)Lorg/nnsoft/guice/guartz/JobSchedulerBuilder;" line-rate="1.0" branch-rate="1.0">
							<lines>
								<line number="138" hits="2" branch="false"/>
								<line number="139" hits="2" branch="false"/>
							</lines>
						</method>
						<method name="withJobName" signature="(Ljava/lang/String;)Lorg/nnsoft/guice/guartz/JobSchedulerBuilder;" line-rate="1.0" branch-rate="1.0">
							<lines>
								<line number="126" hits="2" branch="false"/>
								<line number="127" hits="2" branch="false"/>
							</lines>
						</method>
						<method name="withPriority" signature="(I)Lorg/nnsoft/guice/guartz/JobSchedulerBuilder;" line-rate="0.0" branch-rate="1.0">
							<lines>
								<line number="229" hits="0" branch="false"/>
								<line number="230" hits="0" branch="false"/>
							</lines>
						</method>
						<method name="withRequestRecovery" signature="(Z)Lorg/nnsoft/guice/guartz/JobSchedulerBuilder;" line-rate="1.0" branch-rate="1.0">
							<lines>
								<line number="152" hits="2" branch="false"/>
								<line number="153" hits="2" branch="false"/>
							</lines>
						</method>
						<method name="withStoreDurably" signature="(Z)Lorg/nnsoft/guice/guartz/JobSchedulerBuilder;" line-rate="1.0" branch-rate="1.0">
							<lines>
								<line number="165" hits="2" branch="false"/>
								<line number="166" hits="2" branch="false"/>
							</lines>
						</method>
						<method name="withTimeZone" signature="(Ljava/util/TimeZone;)Lorg/nnsoft/guice/guartz/JobSchedulerBuilder;" line-rate="0.0" branch-rate="1.0">
							<lines>
								<line number="215" hits="0" branch="false"/>
								<line number="216" hits="0" branch="false"/>
							</lines>
						</method>
						<method name="withTrigger" signature="(Lorg/quartz/Trigger;)Lorg/nnsoft/guice/guartz/JobSchedulerBuilder;" line-rate="1.0" branch-rate="1.0">
							<lines>
								<line number="248" hits="1" branch="false"/>
								<line number="249" hits="1" branch="false"/>
							</lines>
						</method>
						<method name="withTriggerGroup" signature="(Ljava/lang/String;)Lorg/nnsoft/guice/guartz/JobSchedulerBuilder;" line-rate="0.0" branch-rate="1.0">
							<lines>
								<line number="189" hits="0" branch="false"/>
								<line number="190" hits="0" branch="false"/>
							</lines>
						</method>
						<method name="withTriggerName" signature="(Ljava/lang/String;)Lorg/nnsoft/guice/guartz/JobSchedulerBuilder;" line-rate="1.0" branch-rate="1.0">
							<lines>
								<line number="177" hits="2" branch="false"/>
								<line number="178" hits="2" branch="false"/>
							</lines>
						</method>
					</methods>
					<lines>
						<line number="51" hits="3" branch="false"/>
						<line number="56" hits="3" branch="false"/>
						<line number="63" hits="3" branch="false"/>
						<line number="69" hits="3" branch="false"/>
						<line number="74" hits="3" branch="false"/>
						<line number="79" hits="3" branch="false"/>
						<line number="90" hits="3" branch="false"/>
						<line number="97" hits="3" branch="false"/>
						<line number="114" hits="3" branch="false"/>
						<line number="115" hits="3" branch="false"/>
						<line number="116" hits="3" branch="false"/>
						<line number="126" hits="2" branch="false"/>
						<line number="127" hits="2" branch="false"/>
						<line number="138" hits="2" branch="false"/>
						<line number="139" hits="2" branch="false"/>
						<line number="152" hits="2" branch="false"/>
						<line number="153" hits="2" branch="false"/>
						<line number="165" hits="2" branch="false"/>
						<line number="166" hits="2" branch="false"/>
						<line number="177" hits="2" branch="false"/>
						<line number="178" hits="2" branch="false"/>
						<line number="189" hits="0" branch="false"/>
						<line number="190" hits="0" branch="false"/>
						<line number="201" hits="2" branch="false"/>
						<line number="202" hits="2" branch="false"/>
						<line number="215" hits="0" branch="false"/>
						<line number="216" hits="0" branch="false"/>
						<line number="229" hits="0" branch="false"/>
						<line number="230" hits="0" branch="false"/>
						<line number="248" hits="1" branch="false"/>
						<line number="249" hits="1" branch="false"/>
						<line number="265" hits="3" branch="true" condition-coverage="75% (3/4)">
							<conditions>
								<condition number="0" type="jump" coverage="100%"/>
								<condition number="1" type="jump" coverage="50%"/>
							</conditions>
						</line>
						<line number="267" hits="0" branch="false"/>
						<line number="270" hits="3" branch="true" condition-coverage="75% (3/4)">
							<conditions>
								<condition number="0" type="jump" coverage="100%"/>
								<condition number="1" type="jump" coverage="50%"/>
							</conditions>
						</line>
						<line number="272" hits="0" branch="false"/>
						<line number="276" hits="3" branch="true" condition-coverage="83% (5/6)">
							<conditions>
								<condition number="0" type="jump" coverage="100%"/>
								<condition number="1" type="jump" coverage="100%"/>
								<condition number="2" type="jump" coverage="50%"/>
							</conditions>
						</line>
						<line number="290" hits="3" branch="false"/>
					</lines>
				</class>
				<class name="org.nnsoft.guice.guartz.QuartzModule" filename="org/nnsoft/guice/guartz/QuartzModule.java" line-rate="0.7" branch-rate="0.5" complexity="1.375">
					<methods>
						<method name="&lt;init&gt;" signature="()V" line-rate="1.0" branch-rate="1.0">
							<lines>
								<line number="41" hits="3" branch="false"/>
							</lines>
						</method>
						<method name="addJobListener" signature="(Ljava/lang/Class;)V" line-rate="0.0" branch-rate="1.0">
							<lines>
								<line number="132" hits="0" branch="false"/>
								<line number="133" hits="0" branch="false"/>
							</lines>
						</method>
						<method name="addSchedulerListener" signature="(Ljava/lang/Class;)V" line-rate="0.0" branch-rate="1.0">
							<lines>
								<line number="152" hits="0" branch="false"/>
								<line number="153" hits="0" branch="false"/>
							</lines>
						</method>
						<method name="addTriggerListener" signature="(Ljava/lang/Class;)V" line-rate="0.0" branch-rate="1.0">
							<lines>
								<line number="142" hits="0" branch="false"/>
								<line number="143" hits="0" branch="false"/>
							</lines>
						</method>
						<method name="configure" signature="()V" line-rate="1.0" branch-rate="0.5">
							<lines>
								<line number="59" hits="3" branch="true" condition-coverage="50% (1/2)">
									<conditions>
										<condition number="0" type="jump" coverage="50%"/>
									</conditions>
								</line>
								<line number="60" hits="3" branch="true" condition-coverage="50% (1/2)">
									<conditions>
										<condition number="0" type="jump" coverage="50%"/>
									</conditions>
								</line>
								<line number="61" hits="3" branch="true" condition-coverage="50% (1/2)">
									<conditions>
										<condition number="0" type="jump" coverage="50%"/>
									</conditions>
								</line>
								<line number="62" hits="3" branch="true" condition-coverage="50% (1/2)">
									<conditions>
										<condition number="0" type="jump" coverage="50%"/>
									</conditions>
								</line>
								<line number="64" hits="3" branch="false"/>
								<line number="65" hits="3" branch="false"/>
								<line number="66" hits="3" branch="false"/>
								<line number="67" hits="3" branch="false"/>
								<line number="71" hits="3" branch="false"/>
								<line number="72" hits="3" branch="false"/>
								<line number="73" hits="3" branch="false"/>
								<line number="74" hits="3" branch="false"/>
								<line number="78" hits="3" branch="false"/>
								<line number="79" hits="3" branch="false"/>
								<line number="80" hits="3" branch="false"/>
								<line number="81" hits="3" branch="false"/>
								<line number="82" hits="3" branch="false"/>
								<line number="83" hits="3" branch="false"/>
							</lines>
						</method>
						<method name="configureScheduler" signature="()Lorg/nnsoft/guice/guartz/SchedulerConfigurationBuilder;" line-rate="1.0" branch-rate="1.0">
							<lines>
								<line number="122" hits="1" branch="false"/>
							</lines>
						</method>
						<method name="doBind" signature="(Lcom/google/inject/multibindings/Multibinder;Ljava/lang/Class;)V" line-rate="0.0" branch-rate="1.0">
							<lines>
								<line number="208" hits="0" branch="false"/>
								<line number="209" hits="0" branch="false"/>
								<line number="210" hits="0" branch="false"/>
							</lines>
						</method>
						<method name="scheduleJob" signature="(Ljava/lang/Class;)Lorg/nnsoft/guice/guartz/JobSchedulerBuilder;" line-rate="0.7272727272727273" branch-rate="0.5">
							<lines>
								<line number="167" hits="3" branch="false"/>
								<line number="169" hits="3" branch="false"/>
								<line number="171" hits="3" branch="true" condition-coverage="100% (2/2)">
									<conditions>
										<condition number="0" type="jump" coverage="100%"/>
									</conditions>
								</line>
								<line number="173" hits="2" branch="false"/>
								<line number="175" hits="2" branch="false"/>
								<line number="185" hits="2" branch="true" condition-coverage="50% (1/2)">
									<conditions>
										<condition number="0" type="jump" coverage="50%"/>
									</conditions>
								</line>
								<line number="187" hits="0" branch="false"/>
								<line number="188" hits="0" branch="true" condition-coverage="0% (0/2)">
									<conditions>
										<condition number="0" type="jump" coverage="0%"/>
									</conditions>
								</line>
								<line number="190" hits="0" branch="false"/>
								<line number="195" hits="3" branch="false"/>
								<line number="196" hits="3" branch="false"/>
							</lines>
						</method>
					</methods>
					<lines>
						<line number="41" hits="3" branch="false"/>
						<line number="59" hits="3" branch="true" condition-coverage="50% (1/2)">
							<conditions>
								<condition number="0" type="jump" coverage="50%"/>
							</conditions>
						</line>
						<line number="60" hits="3" branch="true" condition-coverage="50% (1/2)">
							<conditions>
								<condition number="0" type="jump" coverage="50%"/>
							</conditions>
						</line>
						<line number="61" hits="3" branch="true" condition-coverage="50% (1/2)">
							<conditions>
								<condition number="0" type="jump" coverage="50%"/>
							</conditions>
						</line>
						<line number="62" hits="3" branch="true" condition-coverage="50% (1/2)">
							<conditions>
								<condition number="0" type="jump" coverage="50%"/>
							</conditions>
						</line>
						<line number="64" hits="3" branch="false"/>
						<line number="65" hits="3" branch="false"/>
						<line number="66" hits="3" branch="false"/>
						<line number="67" hits="3" branch="false"/>
						<line number="71" hits="3" branch="false"/>
						<line number="72" hits="3" branch="false"/>
						<line number="73" hits="3" branch="false"/>
						<line number="74" hits="3" branch="false"/>
						<line number="78" hits="3" branch="false"/>
						<line number="79" hits="3" branch="false"/>
						<line number="80" hits="3" branch="false"/>
						<line number="81" hits="3" branch="false"/>
						<line number="82" hits="3" branch="false"/>
						<line number="83" hits="3" branch="false"/>
						<line number="122" hits="1" branch="false"/>
						<line number="132" hits="0" branch="false"/>
						<line number="133" hits="0" branch="false"/>
						<line number="142" hits="0" branch="false"/>
						<line number="143" hits="0" branch="false"/>
						<line number="152" hits="0" branch="false"/>
						<line number="153" hits="0" branch="false"/>
						<line number="167" hits="3" branch="false"/>
						<line number="169" hits="3" branch="false"/>
						<line number="171" hits="3" branch="true" condition-coverage="100% (2/2)">
							<conditions>
								<condition number="0" type="jump" coverage="100%"/>
							</conditions>
						</line>
						<line number="173" hits="2" branch="false"/>
						<line number="175" hits="2" branch="false"/>
						<line number="185" hits="2" branch="true" condition-coverage="50% (1/2)">
							<conditions>
								<condition number="0" type="jump" coverage="50%"/>
							</conditions>
						</line>
						<line number="187" hits="0" branch="false"/>
						<line number="188" hits="0" branch="true" condition-coverage="0% (0/2)">
							<conditions>
								<condition number="0" type="jump" coverage="0%"/>
							</conditions>
						</line>
						<line number="190" hits="0" branch="false"/>
						<line number="195" hits="3" branch="false"/>
						<line number="196" hits="3" branch="false"/>
						<line number="208" hits="0" branch="false"/>
						<line number="209" hits="0" branch="false"/>
						<line number="210" hits="0" branch="false"/>
					</lines>
				</class>
				<class name="org.nnsoft.guice.guartz.Scheduled" filename="org/nnsoft/guice/guartz/Scheduled.java" line-rate="1.0" branch-rate="1.0" complexity="0.0">
					<methods>
					</methods>
					<lines>
					</lines>
				</class>
				<class name="org.nnsoft.guice.guartz.SchedulerConfiguration" filename="org/nnsoft/guice/guartz/SchedulerConfiguration.java" line-rate="1.0" branch-rate="1.0" complexity="1.0">
					<methods>
						<method name="&lt;init&gt;" signature="()V" line-rate="1.0" branch-rate="1.0">
							<lines>
								<line number="24" hits="3" branch="false"/>
								<line number="28" hits="3" branch="false"/>
							</lines>
						</method>
						<method name="startManually" signature="()Z" line-rate="1.0" branch-rate="1.0">
							<lines>
								<line number="38" hits="3" branch="false"/>
							</lines>
						</method>
						<method name="withManualStart" signature="()Lorg/nnsoft/guice/guartz/SchedulerConfiguration;" line-rate="1.0" branch-rate="1.0">
							<lines>
								<line number="32" hits="1" branch="false"/>
								<line number="33" hits="1" branch="false"/>
							</lines>
						</method>
					</methods>
					<lines>
						<line number="24" hits="3" branch="false"/>
						<line number="28" hits="3" branch="false"/>
						<line number="32" hits="1" branch="false"/>
						<line number="33" hits="1" branch="false"/>
						<line number="38" hits="3" branch="false"/>
					</lines>
				</class>
				<class name="org.nnsoft.guice.guartz.SchedulerConfigurationBuilder" filename="org/nnsoft/guice/guartz/SchedulerConfigurationBuilder.java" line-rate="1.0" branch-rate="1.0" complexity="1.0">
					<methods>
					</methods>
					<lines>
					</lines>
				</class>
				<class name="org.nnsoft.guice.guartz.SchedulerProvider" filename="org/nnsoft/guice/guartz/SchedulerProvider.java" line-rate="0.8333333333333334" branch-rate="0.625" complexity="1.6666666666666667">
					<methods>
						<method name="&lt;init&gt;" signature="(Lorg/nnsoft/guice/guartz/SchedulerConfiguration;)V" line-rate="1.0" branch-rate="1.0">
							<lines>
								<line number="52" hits="3" branch="false"/>
								<line number="53" hits="3" branch="false"/>
								<line number="54" hits="3" branch="true" condition-coverage="100% (2/2)">
									<conditions>
										<condition number="0" type="jump" coverage="100%"/>
									</conditions>
								</line>
								<line number="56" hits="2" branch="false"/>
								<line number="58" hits="3" branch="false"/>
							</lines>
						</method>
						<method name="addJobListeners" signature="(Ljava/util/Set;)V" line-rate="0.6666666666666666" branch-rate="0.5">
							<lines>
								<line number="83" hits="3" branch="true" condition-coverage="50% (1/2)">
									<conditions>
										<condition number="0" type="jump" coverage="50%"/>
									</conditions>
								</line>
								<line number="85" hits="0" branch="false"/>
								<line number="87" hits="3" branch="false"/>
							</lines>
						</method>
						<method name="addSchedulerListeners" signature="(Ljava/util/Set;)V" line-rate="0.6666666666666666" branch-rate="0.5">
							<lines>
								<line number="99" hits="3" branch="true" condition-coverage="50% (1/2)">
									<conditions>
										<condition number="0" type="jump" coverage="50%"/>
									</conditions>
								</line>
								<line number="101" hits="0" branch="false"/>
								<line number="103" hits="3" branch="false"/>
							</lines>
						</method>
						<method name="addTriggerListeners" signature="(Ljava/util/Set;)V" line-rate="0.6666666666666666" branch-rate="0.5">
							<lines>
								<line number="115" hits="3" branch="true" condition-coverage="50% (1/2)">
									<conditions>
										<condition number="0" type="jump" coverage="50%"/>
									</conditions>
								</line>
								<line number="117" hits="0" branch="false"/>
								<line number="119" hits="3" branch="false"/>
							</lines>
						</method>
						<method name="get" signature="()Ljava/lang/Object;" line-rate="1.0" branch-rate="1.0">
							<lines>
								<line number="35" hits="3" branch="false"/>
							</lines>
						</method>
						<method name="get" signature="()Lorg/quartz/Scheduler;" line-rate="1.0" branch-rate="1.0">
							<lines>
								<line number="126" hits="3" branch="false"/>
							</lines>
						</method>
						<method name="setJobFactory" signature="(Lorg/quartz/spi/JobFactory;)V" line-rate="1.0" branch-rate="1.0">
							<lines>
								<line number="70" hits="3" branch="false"/>
								<line number="71" hits="3" branch="false"/>
							</lines>
						</method>
					</methods>
					<lines>
						<line number="35" hits="3" branch="false"/>
						<line number="52" hits="3" branch="false"/>
						<line number="53" hits="3" branch="false"/>
						<line number="54" hits="3" branch="true" condition-coverage="100% (2/2)">
							<conditions>
								<condition number="0" type="jump" coverage="100%"/>
							</conditions>
						</line>
						<line number="56" hits="2" branch="false"/>
						<line number="58" hits="3" branch="false"/>
						<line number="70" hits="3" branch="false"/>
						<line number="71" hits="3" branch="false"/>
						<line number="83" hits="3" branch="true" condition-coverage="50% (1/2)">
							<conditions>
								<condition number="0" type="jump" coverage="50%"/>
							</conditions>
						</line>
						<line number="85" hits="0" branch="false"/>
						<line number="87" hits="3" branch="false"/>
						<line number="99" hits="3" branch="true" condition-coverage="50% (1/2)">
							<conditions>
								<condition number="0" type="jump" coverage="50%"/>
							</conditions>
						</line>
						<line number="101" hits="0" branch="false"/>
						<line number="103" hits="3" branch="false"/>
						<line number="115" hits="3" branch="true" condition-coverage="50% (1/2)">
							<conditions>
								<condition number="0" type="jump" coverage="50%"/>
							</conditions>
						</line>
						<line number="117" hits="0" branch="false"/>
						<line number="119" hits="3" branch="false"/>
						<line number="126" hits="3" branch="false"/>
					</lines>
				</class>
			</classes>
		</package>
	</packages>
</coverage>
